<?xml version="1.0" encoding="UTF-8"?>
<!-- Generated by org.testng.reporters.JUnitReportReporter -->
<testsuite hostname="ebemployee-146" failures="0" tests="3" name="cucumbertestrunner.Testrunnerwithtags" time="0.043" errors="0" timestamp="2025-10-07T07:43:12 IST" skipped="0">
  <testcase classname="cucumbertestrunner.Testrunnerwithtags" name="runScenario" time="0.001"/>
  <testcase classname="cucumbertestrunner.Testrunnerwithtags" name="runScenario" time="0.040"/>
  <testcase classname="cucumbertestrunner.Testrunnerwithtags" name="runScenario" time="0.002"/>
</testsuite> <!-- cucumbertestrunner.Testrunnerwithtags -->
