<?xml version="1.0" encoding="UTF-8"?>
<!-- Generated by org.testng.reporters.JUnitReportReporter -->
<testsuite hostname="ebemployee-146" failures="0" tests="1" name="cucumbertestrunner.Testrunner" time="3.047" errors="0" timestamp="2025-10-05T22:18:14 IST" skipped="0">
  <testcase classname="cucumbertestrunner.Testrunner" name="runScenario" time="3.047"/>
</testsuite> <!-- cucumbertestrunner.Testrunner -->
